<?xml version="1.0" encoding="UTF-8"?>
<!-- Generated by org.testng.reporters.JUnitReportReporter -->
<testsuite hostname="DESKTOP-3BNLRUB" failures="0" tests="1" name="appiumTests.eCommerce_tc_4_Hybrid" time="26.887" errors="0" timestamp="2023-07-05T15:43:40 IST" skipped="0">
  <testcase classname="appiumTests.eCommerce_tc_4_Hybrid" name="FillForm" time="26.887"/>
</testsuite> <!-- appiumTests.eCommerce_tc_4_Hybrid -->
